mode: set
github.com/golangtrainingapp/windy/windy.go:109.92,111.85 1 1
github.com/golangtrainingapp/windy/windy.go:111.85,113.3 1 1
github.com/golangtrainingapp/windy/windy.go:114.2,114.89 1 1
github.com/golangtrainingapp/windy/windy.go:114.89,116.3 1 1
github.com/golangtrainingapp/windy/windy.go:117.2,117.36 1 1
github.com/golangtrainingapp/windy/windy.go:117.36,119.3 1 1
github.com/golangtrainingapp/windy/windy.go:121.2,125.16 4 1
github.com/golangtrainingapp/windy/windy.go:125.16,127.3 1 0
github.com/golangtrainingapp/windy/windy.go:128.2,129.16 2 1
github.com/golangtrainingapp/windy/windy.go:129.16,131.3 1 1
github.com/golangtrainingapp/windy/windy.go:132.2,133.16 2 1
github.com/golangtrainingapp/windy/windy.go:133.16,135.3 1 0
github.com/golangtrainingapp/windy/windy.go:136.2,136.22 1 1
github.com/golangtrainingapp/windy/windy.go:140.73,150.2 9 1
github.com/golangtrainingapp/windy/windy.go:153.122,156.16 3 1
github.com/golangtrainingapp/windy/windy.go:156.16,158.3 1 0
github.com/golangtrainingapp/windy/windy.go:159.2,159.21 1 1
github.com/golangtrainingapp/windy/windy.go:164.73,165.15 1 1
github.com/golangtrainingapp/windy/windy.go:165.15,167.3 1 1
github.com/golangtrainingapp/windy/windy.go:168.2,168.16 1 1
github.com/golangtrainingapp/windy/windy.go:168.16,170.3 1 0
github.com/golangtrainingapp/windy/windy.go:171.2,171.38 1 1
github.com/golangtrainingapp/windy/windy.go:171.38,173.3 1 1
github.com/golangtrainingapp/windy/windy.go:174.2,175.16 2 1
github.com/golangtrainingapp/windy/windy.go:175.16,177.3 1 0
github.com/golangtrainingapp/windy/windy.go:178.2,178.27 1 1
github.com/golangtrainingapp/windy/windy.go:185.86,188.16 3 1
github.com/golangtrainingapp/windy/windy.go:188.16,190.3 1 0
github.com/golangtrainingapp/windy/windy.go:191.2,191.18 1 1
github.com/golangtrainingapp/windy/windy.go:195.40,197.2 1 1
github.com/golangtrainingapp/windy/windy.go:200.41,202.2 1 1
